<?xml version="1.0" encoding="UTF-8"?>
<!-- Generated by org.testng.reporters.JUnitReportReporter -->
<testsuite hostname="LAPTOP-D0S4EKSF" failures="0" tests="1" name="testRunner.ManagerModule" time="3.898" errors="0" timestamp="2023-02-19T18:01:41 IST" skipped="0">
  <testcase classname="testRunner.ManagerModule" name="lead" time="3.898"/>
  <system-out/>
</testsuite> <!-- testRunner.ManagerModule -->
