<?xml version="1.0" encoding="UTF-8"?>
<!-- Generated by org.testng.reporters.JUnitReportReporter -->
<testsuite hostname="LAPTOP-D0S4EKSF" failures="0" tests="3" name="managerModule.Customers" time="24.761" errors="0" timestamp="2023-02-04T15:31:54 IST" skipped="0">
  <testcase classname="managerModule.Customers" name="createCustomer" time="10.172"/>
  <system-out/>
  <testcase classname="managerModule.Customers" name="customerUpdate" time="7.143"/>
  <system-out/>
  <testcase classname="managerModule.Customers" name="customerDelete" time="7.446"/>
  <system-out/>
</testsuite> <!-- managerModule.Customers -->
