<?xml version="1.0" encoding="UTF-8"?>
<!-- Generated by org.testng.reporters.JUnitReportReporter -->
<testsuite hostname="LAPTOP-D0S4EKSF" failures="0" tests="3" name="managerModule.Reports" time="39.311" errors="0" timestamp="2023-01-31T00:42:18 IST" skipped="0">
  <testcase classname="managerModule.Reports" name="createLead" time="19.772"/>
  <system-out/>
  <testcase classname="managerModule.Reports" name="updateLead" time="11.861"/>
  <system-out/>
  <testcase classname="managerModule.Reports" name="deleteLead" time="7.678"/>
  <system-out/>
</testsuite> <!-- managerModule.Reports -->
